IOC_TEST:Plugin-Scope0-Enable
IOC_TEST:MCU-ErrRst
IOC_TEST:ec0-s1-EL1252-Stat_
IOC_TEST:ec0-s1-EL1252-CH1-Stat
IOC_TEST:ec0-s1-EL1252-CH2-Stat
IOC_TEST:ec0-s35-EL3702-Stat_
IOC_TEST:ec0-Stat_
IOC_TEST:ec0-Domain-Stat_
REQMOD:mcag-epics4-13648:MODULES
REQMOD:mcag-epics4-13648:VERSIONS
REQMOD:mcag-epics4-13648:MOD_VER
IOC_TEST:ec0-s35-EL3702-AI1-Array
IOC_TEST:ec0-s35-EL3702-AI2-Array
IOC_TEST:Plugin-Scope0-DataSource
IOC_TEST:Plugin-Scope0-TriggSource
IOC_TEST:Plugin-Scope0-NextTimeSource
IOC_TEST:Plugin-Scope0-Data-Act
IOC_TEST:MCU-ErrMsg
IOC_TEST:MCU-updated
IOC_TEST:ec0-s1-EL1252-Stat
IOC_TEST:ec0-s35-EL3702-Stat
IOC_TEST:ec0-Stat
IOC_TEST:ec0-slavecounter
IOC_TEST:ec0-memmapcounter
IOC_TEST:ec0-domainfailcountertotal
IOC_TEST:ec0-entrycounter
IOC_TEST:ec0-Domain-Stat
IOC_TEST:ec0-s1-EL1252-online
IOC_TEST:ec0-s1-EL1252-operational
IOC_TEST:ec0-s1-EL1252-alstate-init
IOC_TEST:ec0-s1-EL1252-alstate-preop
IOC_TEST:ec0-s1-EL1252-alstate-safeop
IOC_TEST:ec0-s1-EL1252-alstate-op
IOC_TEST:ec0-s1-EL1252-BI1
IOC_TEST:ec0-s1-EL1252-BI2
IOC_TEST:ec0-s35-EL3702-online
IOC_TEST:ec0-s35-EL3702-operational
IOC_TEST:ec0-s35-EL3702-alstate-init
IOC_TEST:ec0-s35-EL3702-alstate-preop
IOC_TEST:ec0-s35-EL3702-alstate-safeop
IOC_TEST:ec0-s35-EL3702-alstate-op
IOC_TEST:ec0-linkup
IOC_TEST:ec0-alstates-init
IOC_TEST:ec0-alstates-preop
IOC_TEST:ec0-alstates-safeop
IOC_TEST:ec0-alstates-op
IOC_TEST:ec0-Domain-redunactive
IOC_TEST:ec0-Domain-WC-zero
IOC_TEST:ec0-Domain-WC-incomplete
IOC_TEST:ec0-Domain-WC-complete
IOC_TEST:ec0-s1-EL1252-entrycounter
IOC_TEST:ec0-s35-EL3702-entrycounter
IOC_TEST:ec0-slavesresp
IOC_TEST:ec0-Domain-WC
IOC_TEST:ec0-s1-EL1252-One
IOC_TEST:ec0-s1-EL1252-Zero
IOC_TEST:ec0-s35-EL3702-One
IOC_TEST:ec0-s35-EL3702-Zero
REQMOD:mcag-epics4-13648:exit
REQMOD:mcag-epics4-13648:BaseVersion
REQMOD:mcag-epics4-13648:require_VER
REQMOD:mcag-epics4-13648:ecmccfg_VER
REQMOD:mcag-epics4-13648:asyn_VER
REQMOD:mcag-epics4-13648:exprtk_VER
REQMOD:mcag-epics4-13648:motor_VER
REQMOD:mcag-epics4-13648:ecmc_VER
REQMOD:mcag-epics4-13648:sequencer_VER
REQMOD:mcag-epics4-13648:sscan_VER
REQMOD:mcag-epics4-13648:calc_VER
REQMOD:mcag-epics4-13648:pcre_VER
REQMOD:mcag-epics4-13648:stream_VER
IOC_TEST:ec0-s1-EL1252-HWType
IOC_TEST:ec0-s35-EL3702-HWType
IOC_TEST:ec0-s1-EL1252-CH1-PosTime-Act
IOC_TEST:ec0-s1-EL1252-CH1-NegTime-Act
IOC_TEST:ec0-s1-EL1252-CH2-PosTime-Act
IOC_TEST:ec0-s1-EL1252-CH2-NegTime-Act
IOC_TEST:ec0-s35-EL3702-AI1-CycleCnt
IOC_TEST:ec0-s35-EL3702-AI2-CycleCnt
IOC_TEST:ec0-s35-EL3702-NextTime
IOC_TEST:Plugin-Scope0-MissTriggCntAct
IOC_TEST:Plugin-Scope0-TriggCntAct
IOC_TEST:MCU-app-mode
IOC_TEST:MCU-ErrId
IOC_TEST:MCU-thread-latency-min
IOC_TEST:MCU-thread-latency-max
IOC_TEST:MCU-thread-period-min
IOC_TEST:MCU-thread-period-max
IOC_TEST:MCU-thread-execute-min
IOC_TEST:MCU-thread-execute-max
IOC_TEST:MCU-thread-send-min
IOC_TEST:MCU-thread-send-max
IOC_TEST:MCU-Cmd
